2025-03-09 14:55:27,599 INFO    Thread-9 (_run_job):3398795 [wandb_setup.py:_flush():67] Current SDK version is 0.19.8
2025-03-09 14:55:27,599 INFO    Thread-9 (_run_job):3398795 [wandb_setup.py:_flush():67] Configure stats pid to 3398795
2025-03-09 14:55:27,599 INFO    Thread-9 (_run_job):3398795 [wandb_setup.py:_flush():67] Loading settings from /mnt/c_disk/navaneeth/.config/wandb/settings
2025-03-09 14:55:27,599 INFO    Thread-9 (_run_job):3398795 [wandb_setup.py:_flush():67] Loading settings from /mnt/e_disk/DA6401-Assignment-1-DA24S008/wandb/settings
2025-03-09 14:55:27,599 INFO    Thread-9 (_run_job):3398795 [wandb_setup.py:_flush():67] Loading settings from environment variables
2025-03-09 14:55:27,599 INFO    Thread-9 (_run_job):3398795 [wandb_init.py:setup_run_log_directory():647] Logging user logs to /mnt/e_disk/DA6401-Assignment-1-DA24S008/wandb/run-20250309_145527-p6tzgylc/logs/debug.log
2025-03-09 14:55:27,599 INFO    Thread-9 (_run_job):3398795 [wandb_init.py:setup_run_log_directory():648] Logging internal logs to /mnt/e_disk/DA6401-Assignment-1-DA24S008/wandb/run-20250309_145527-p6tzgylc/logs/debug-internal.log
2025-03-09 14:55:27,599 INFO    Thread-9 (_run_job):3398795 [wandb_init.py:monkeypatch_ipython():599] configuring jupyter hooks <wandb.sdk.wandb_init._WandbInit object at 0x7f5ea8765750>
2025-03-09 14:55:27,599 INFO    Thread-9 (_run_job):3398795 [wandb_init.py:init():761] calling init triggers
2025-03-09 14:55:27,599 INFO    Thread-9 (_run_job):3398795 [wandb_init.py:init():766] wandb.init called with sweep_config: {'activation': 'tanh', 'batch_size': 32, 'epochs': 5, 'lr': 0.0001, 'n_hidden': 4, 'n_hidden_units': 32, 'optim_algo': 'adam'}
config: {'_wandb': {}}
2025-03-09 14:55:27,599 INFO    Thread-9 (_run_job):3398795 [wandb_init.py:init():784] starting backend
2025-03-09 14:55:27,599 INFO    Thread-9 (_run_job):3398795 [wandb_init.py:init():788] sending inform_init request
2025-03-09 14:55:27,600 INFO    Thread-9 (_run_job):3398795 [backend.py:_multiprocessing_setup():101] multiprocessing start_methods=fork,spawn,forkserver, using: spawn
2025-03-09 14:55:27,600 INFO    Thread-9 (_run_job):3398795 [wandb_init.py:init():798] backend started and connected
2025-03-09 14:55:27,601 INFO    Thread-9 (_run_job):3398795 [wandb_run.py:_config_callback():1261] config_cb None None {'activation': 'tanh', 'batch_size': 32, 'epochs': 5, 'lr': 0.0001, 'n_hidden': 4, 'n_hidden_units': 32, 'optim_algo': 'adam'}
2025-03-09 14:55:27,601 INFO    Thread-9 (_run_job):3398795 [wandb_run.py:_label_probe_notebook():1204] probe notebook
2025-03-09 14:55:27,603 INFO    Thread-9 (_run_job):3398795 [wandb_init.py:init():891] updated telemetry
2025-03-09 14:55:27,608 INFO    Thread-9 (_run_job):3398795 [wandb_init.py:init():915] communicating run to backend with 90.0 second timeout
2025-03-09 14:55:28,019 INFO    Thread-9 (_run_job):3398795 [wandb_init.py:init():990] starting run threads in backend
2025-03-09 14:55:28,096 INFO    Thread-9 (_run_job):3398795 [wandb_run.py:_console_start():2375] atexit reg
2025-03-09 14:55:28,096 INFO    Thread-9 (_run_job):3398795 [wandb_run.py:_redirect():2227] redirect: wrap_raw
2025-03-09 14:55:28,096 INFO    Thread-9 (_run_job):3398795 [wandb_run.py:_redirect():2292] Wrapping output streams.
2025-03-09 14:55:28,096 INFO    Thread-9 (_run_job):3398795 [wandb_run.py:_redirect():2315] Redirects installed.
2025-03-09 14:55:28,097 INFO    Thread-9 (_run_job):3398795 [wandb_init.py:init():1032] run started, returning control to user process
2025-03-09 14:55:28,820 INFO    Thread-9 (_run_job):3398795 [wandb_run.py:_finish():2112] finishing run da24s008-indian-institute-of-technology-madras/fashion-mnist-optim/p6tzgylc
2025-03-09 14:55:28,821 ERROR   Thread-9 (_run_job):3398795 [jupyter.py:save_history():450] Run pip install nbformat to save notebook history
2025-03-09 14:55:28,821 INFO    Thread-9 (_run_job):3398795 [jupyter.py:save_ipynb():386] not saving jupyter notebook
2025-03-09 14:55:28,821 INFO    Thread-9 (_run_job):3398795 [wandb_init.py:_jupyter_teardown():581] cleaning up jupyter logic
2025-03-09 14:55:28,821 INFO    Thread-9 (_run_job):3398795 [wandb_run.py:_atexit_cleanup():2340] got exitcode: 1
2025-03-09 14:55:28,821 INFO    Thread-9 (_run_job):3398795 [wandb_run.py:_restore():2322] restore
2025-03-09 14:55:28,821 INFO    Thread-9 (_run_job):3398795 [wandb_run.py:_restore():2328] restore done
2025-03-09 14:55:29,926 WARNING MsgRouterThr:3398795 [router.py:message_loop():63] message_loop has been closed
Traceback (most recent call last):
  File "/mnt/e_disk/da24s008/lib/python3.10/site-packages/wandb/sdk/interface/router_sock.py", line 27, in _read_message
    return self._sock_client.read_server_response(timeout=1)
  File "/mnt/e_disk/da24s008/lib/python3.10/site-packages/wandb/sdk/lib/sock_client.py", line 235, in read_server_response
    data = self._read_packet_bytes(timeout=timeout)
  File "/mnt/e_disk/da24s008/lib/python3.10/site-packages/wandb/sdk/lib/sock_client.py", line 220, in _read_packet_bytes
    raise SockClientClosedError
wandb.sdk.lib.sock_client.SockClientClosedError

The above exception was the direct cause of the following exception:

Traceback (most recent call last):
  File "/mnt/e_disk/da24s008/lib/python3.10/site-packages/wandb/sdk/interface/router.py", line 56, in message_loop
    msg = self._read_message()
  File "/mnt/e_disk/da24s008/lib/python3.10/site-packages/wandb/sdk/interface/router_sock.py", line 29, in _read_message
    raise MessageRouterClosedError from e
wandb.sdk.interface.router.MessageRouterClosedError
2025-03-09 14:55:29,927 INFO    MsgRouterThr:3398795 [mailbox.py:close():129] Closing mailbox, abandoning 2 handles.
2025-03-09 14:55:29,927 INFO    Thread-9 (_run_job):3398795 [wandb_run.py:_restore():2322] restore
2025-03-09 14:55:29,927 INFO    Thread-9 (_run_job):3398795 [wandb_run.py:_restore():2328] restore done
2025-03-09 14:55:29,927 ERROR   Thread-9 (_run_job):3398795 [wandb_run.py:_atexit_cleanup():2361] Problem finishing run
Traceback (most recent call last):
  File "/mnt/e_disk/da24s008/lib/python3.10/site-packages/wandb/agents/pyagent.py", line 306, in _run_job
    self._function()
  File "/tmp/ipykernel_3398795/3068571338.py", line 147, in train_model
    model.train(xTrain, yTrain, xVal, yVal)
  File "/tmp/ipykernel_3398795/3068571338.py", line 110, in train
    val_loss = cross_ent_loss(np.argmax(self.forward_pass(X_val), axis=1), Y_val)
  File "/tmp/ipykernel_3398795/3068571338.py", line 14, in cross_ent_loss
    return -np.sum(yTrue * np.log(yPred + 1e-8)) / yTrue.shape[0]
ValueError: operands could not be broadcast together with shapes (6000,) (6000,10) 

During handling of the above exception, another exception occurred:

Traceback (most recent call last):
  File "/mnt/e_disk/da24s008/lib/python3.10/site-packages/wandb/sdk/wandb_run.py", line 2352, in _atexit_cleanup
    self._on_finish()
  File "/mnt/e_disk/da24s008/lib/python3.10/site-packages/wandb/sdk/wandb_run.py", line 2609, in _on_finish
    wait_with_progress(
  File "/mnt/e_disk/da24s008/lib/python3.10/site-packages/wandb/sdk/mailbox/wait_with_progress.py", line 24, in wait_with_progress
    return wait_all_with_progress(
  File "/mnt/e_disk/da24s008/lib/python3.10/site-packages/wandb/sdk/mailbox/wait_with_progress.py", line 87, in wait_all_with_progress
    return asyncio_compat.run(progress_loop_with_timeout)
  File "/mnt/e_disk/da24s008/lib/python3.10/site-packages/wandb/sdk/lib/asyncio_compat.py", line 30, in run
    return future.result()
  File "/home/senai2/miniconda/anaconda/lib/python3.10/concurrent/futures/_base.py", line 458, in result
    return self.__get_result()
  File "/home/senai2/miniconda/anaconda/lib/python3.10/concurrent/futures/_base.py", line 403, in __get_result
    raise self._exception
  File "/home/senai2/miniconda/anaconda/lib/python3.10/concurrent/futures/thread.py", line 58, in run
    result = self.fn(*self.args, **self.kwargs)
  File "/mnt/e_disk/da24s008/lib/python3.10/site-packages/wandb/sdk/lib/asyncio_compat.py", line 74, in run
    return asyncio.run(self._run_or_cancel(fn))
  File "/home/senai2/miniconda/anaconda/lib/python3.10/asyncio/runners.py", line 44, in run
    return loop.run_until_complete(main)
  File "/home/senai2/miniconda/anaconda/lib/python3.10/asyncio/base_events.py", line 649, in run_until_complete
    return future.result()
  File "/mnt/e_disk/da24s008/lib/python3.10/site-packages/wandb/sdk/lib/asyncio_compat.py", line 98, in _run_or_cancel
    return fn_task.result()
  File "/mnt/e_disk/da24s008/lib/python3.10/site-packages/wandb/sdk/mailbox/wait_with_progress.py", line 82, in progress_loop_with_timeout
    return await _wait_handles_async(
  File "/mnt/e_disk/da24s008/lib/python3.10/site-packages/wandb/sdk/mailbox/wait_with_progress.py", line 130, in _wait_handles_async
    async with asyncio_compat.open_task_group() as task_group:
  File "/home/senai2/miniconda/anaconda/lib/python3.10/contextlib.py", line 206, in __aexit__
    await anext(self.gen)
  File "/mnt/e_disk/da24s008/lib/python3.10/site-packages/wandb/sdk/lib/asyncio_compat.py", line 190, in open_task_group
    await task_group._wait_all()
  File "/mnt/e_disk/da24s008/lib/python3.10/site-packages/wandb/sdk/lib/asyncio_compat.py", line 159, in _wait_all
    raise exc
  File "/mnt/e_disk/da24s008/lib/python3.10/site-packages/wandb/sdk/mailbox/wait_with_progress.py", line 128, in wait_single
    results[index] = await handle.wait_async(timeout=timeout)
  File "/mnt/e_disk/da24s008/lib/python3.10/site-packages/wandb/sdk/mailbox/mailbox_handle.py", line 126, in wait_async
    response = await self._handle.wait_async(timeout=timeout)
  File "/mnt/e_disk/da24s008/lib/python3.10/site-packages/wandb/sdk/mailbox/response_handle.py", line 128, in wait_async
    raise HandleAbandonedError()
wandb.sdk.mailbox.mailbox_handle.HandleAbandonedError
2025-03-09 14:56:56,166 INFO    MainThread:3398795 [pyagent.py:run():322] Starting sweep agent: entity=None, project=None, count=10
2025-03-09 14:56:57,653 INFO    Thread-13 (_run_job):3398795 [wandb_setup.py:_flush():67] Current SDK version is 0.19.8
2025-03-09 14:56:57,653 INFO    Thread-13 (_run_job):3398795 [wandb_setup.py:_flush():67] Configure stats pid to 3398795
2025-03-09 14:56:57,653 INFO    Thread-13 (_run_job):3398795 [wandb_setup.py:_flush():67] Loading settings from /mnt/c_disk/navaneeth/.config/wandb/settings
2025-03-09 14:56:57,653 INFO    Thread-13 (_run_job):3398795 [wandb_setup.py:_flush():67] Loading settings from /mnt/e_disk/DA6401-Assignment-1-DA24S008/wandb/settings
2025-03-09 14:56:57,653 INFO    Thread-13 (_run_job):3398795 [wandb_setup.py:_flush():67] Loading settings from environment variables
2025-03-09 14:56:57,654 INFO    Thread-13 (_run_job):3398795 [wandb_init.py:setup_run_log_directory():647] Logging user logs to /mnt/e_disk/DA6401-Assignment-1-DA24S008/wandb/run-20250309_145657-lf8ldxos/logs/debug.log
2025-03-09 14:56:57,654 INFO    Thread-13 (_run_job):3398795 [wandb_init.py:setup_run_log_directory():648] Logging internal logs to /mnt/e_disk/DA6401-Assignment-1-DA24S008/wandb/run-20250309_145657-lf8ldxos/logs/debug-internal.log
2025-03-09 14:56:57,654 INFO    Thread-13 (_run_job):3398795 [wandb_init.py:monkeypatch_ipython():599] configuring jupyter hooks <wandb.sdk.wandb_init._WandbInit object at 0x7f6046c39420>
2025-03-09 14:56:57,654 INFO    Thread-13 (_run_job):3398795 [wandb_init.py:init():761] calling init triggers
2025-03-09 14:56:57,654 INFO    Thread-13 (_run_job):3398795 [wandb_init.py:init():766] wandb.init called with sweep_config: {'activation': 'tanh', 'batch_size': 32, 'epochs': 10, 'lr': 0.001, 'n_hidden': 3, 'n_hidden_units': 64, 'optim_algo': 'momentum'}
config: {'_wandb': {}}
2025-03-09 14:56:57,654 INFO    Thread-13 (_run_job):3398795 [wandb_init.py:init():784] starting backend
2025-03-09 14:56:57,654 INFO    Thread-13 (_run_job):3398795 [wandb_init.py:init():788] sending inform_init request
2025-03-09 14:56:57,656 INFO    Thread-13 (_run_job):3398795 [backend.py:_multiprocessing_setup():101] multiprocessing start_methods=fork,spawn,forkserver, using: spawn
2025-03-09 14:56:57,656 INFO    Thread-13 (_run_job):3398795 [wandb_init.py:init():798] backend started and connected
2025-03-09 14:56:57,657 INFO    Thread-13 (_run_job):3398795 [wandb_run.py:_config_callback():1261] config_cb None None {'activation': 'tanh', 'batch_size': 32, 'epochs': 10, 'lr': 0.001, 'n_hidden': 3, 'n_hidden_units': 64, 'optim_algo': 'momentum'}
2025-03-09 14:56:57,658 INFO    Thread-13 (_run_job):3398795 [wandb_run.py:_label_probe_notebook():1204] probe notebook
2025-03-09 14:56:57,662 INFO    Thread-13 (_run_job):3398795 [wandb_init.py:init():891] updated telemetry
2025-03-09 14:56:57,668 INFO    Thread-13 (_run_job):3398795 [wandb_init.py:init():915] communicating run to backend with 90.0 second timeout
2025-03-09 14:56:58,156 INFO    Thread-13 (_run_job):3398795 [wandb_init.py:init():990] starting run threads in backend
2025-03-09 14:56:58,233 INFO    Thread-13 (_run_job):3398795 [wandb_run.py:_console_start():2375] atexit reg
2025-03-09 14:56:58,234 INFO    Thread-13 (_run_job):3398795 [wandb_run.py:_redirect():2227] redirect: wrap_raw
2025-03-09 14:56:58,234 INFO    Thread-13 (_run_job):3398795 [wandb_run.py:_redirect():2292] Wrapping output streams.
2025-03-09 14:56:58,234 INFO    Thread-13 (_run_job):3398795 [wandb_run.py:_redirect():2315] Redirects installed.
2025-03-09 14:56:58,234 INFO    Thread-13 (_run_job):3398795 [wandb_init.py:init():1032] run started, returning control to user process
2025-03-09 14:57:07,331 INFO    Thread-13 (_run_job):3398795 [wandb_run.py:_finish():2112] finishing run da24s008-indian-institute-of-technology-madras/fashion-mnist-optim/lf8ldxos
2025-03-09 14:57:07,331 ERROR   Thread-13 (_run_job):3398795 [jupyter.py:save_history():450] Run pip install nbformat to save notebook history
2025-03-09 14:57:07,331 INFO    Thread-13 (_run_job):3398795 [jupyter.py:save_ipynb():386] not saving jupyter notebook
2025-03-09 14:57:07,331 INFO    Thread-13 (_run_job):3398795 [wandb_init.py:_jupyter_teardown():581] cleaning up jupyter logic
2025-03-09 14:57:07,332 INFO    Thread-13 (_run_job):3398795 [wandb_run.py:_atexit_cleanup():2340] got exitcode: 0
2025-03-09 14:57:07,332 INFO    Thread-13 (_run_job):3398795 [wandb_run.py:_restore():2322] restore
2025-03-09 14:57:07,332 INFO    Thread-13 (_run_job):3398795 [wandb_run.py:_restore():2328] restore done
2025-03-09 14:57:08,590 INFO    Thread-13 (_run_job):3398795 [wandb_run.py:_footer_history_summary_info():3956] rendering history
2025-03-09 14:57:08,590 INFO    Thread-13 (_run_job):3398795 [wandb_run.py:_footer_history_summary_info():3988] rendering summary
2025-03-09 14:57:08,592 INFO    Thread-13 (_run_job):3398795 [wandb_run.py:_footer_sync_info():3917] logging synced files
2025-03-09 14:57:13,596 INFO    MsgRouterThr:3398795 [mailbox.py:close():129] Closing mailbox, abandoning 1 handles.
2025-03-09 14:57:14,332 INFO    Thread-16 (_run_job):3398795 [wandb_setup.py:_flush():67] Current SDK version is 0.19.8
2025-03-09 14:57:14,332 INFO    Thread-16 (_run_job):3398795 [wandb_setup.py:_flush():67] Configure stats pid to 3398795
2025-03-09 14:57:14,332 INFO    Thread-16 (_run_job):3398795 [wandb_setup.py:_flush():67] Loading settings from /mnt/c_disk/navaneeth/.config/wandb/settings
2025-03-09 14:57:14,332 INFO    Thread-16 (_run_job):3398795 [wandb_setup.py:_flush():67] Loading settings from /mnt/e_disk/DA6401-Assignment-1-DA24S008/wandb/settings
2025-03-09 14:57:14,332 INFO    Thread-16 (_run_job):3398795 [wandb_setup.py:_flush():67] Loading settings from environment variables
2025-03-09 14:57:14,332 INFO    Thread-16 (_run_job):3398795 [wandb_init.py:setup_run_log_directory():647] Logging user logs to /mnt/e_disk/DA6401-Assignment-1-DA24S008/wandb/run-20250309_145714-yqkmna6t/logs/debug.log
2025-03-09 14:57:14,332 INFO    Thread-16 (_run_job):3398795 [wandb_init.py:setup_run_log_directory():648] Logging internal logs to /mnt/e_disk/DA6401-Assignment-1-DA24S008/wandb/run-20250309_145714-yqkmna6t/logs/debug-internal.log
2025-03-09 14:57:14,333 INFO    Thread-16 (_run_job):3398795 [wandb_init.py:monkeypatch_ipython():599] configuring jupyter hooks <wandb.sdk.wandb_init._WandbInit object at 0x7f5ea42ac1c0>
2025-03-09 14:57:14,333 INFO    Thread-16 (_run_job):3398795 [wandb_init.py:init():761] calling init triggers
2025-03-09 14:57:14,333 INFO    Thread-16 (_run_job):3398795 [wandb_init.py:init():766] wandb.init called with sweep_config: {'activation': 'tanh', 'batch_size': 16, 'epochs': 10, 'lr': 0.001, 'n_hidden': 4, 'n_hidden_units': 64, 'optim_algo': 'momentum'}
config: {'_wandb': {}}
2025-03-09 14:57:14,333 INFO    Thread-16 (_run_job):3398795 [wandb_init.py:init():784] starting backend
2025-03-09 14:57:14,333 INFO    Thread-16 (_run_job):3398795 [wandb_init.py:init():788] sending inform_init request
2025-03-09 14:57:14,333 INFO    Thread-16 (_run_job):3398795 [backend.py:_multiprocessing_setup():101] multiprocessing start_methods=fork,spawn,forkserver, using: spawn
2025-03-09 14:57:14,333 INFO    Thread-16 (_run_job):3398795 [wandb_init.py:init():798] backend started and connected
2025-03-09 14:57:14,334 INFO    Thread-16 (_run_job):3398795 [wandb_run.py:_config_callback():1261] config_cb None None {'activation': 'tanh', 'batch_size': 16, 'epochs': 10, 'lr': 0.001, 'n_hidden': 4, 'n_hidden_units': 64, 'optim_algo': 'momentum'}
2025-03-09 14:57:14,335 INFO    Thread-16 (_run_job):3398795 [wandb_run.py:_label_probe_notebook():1204] probe notebook
2025-03-09 14:57:14,337 INFO    Thread-16 (_run_job):3398795 [wandb_init.py:init():891] updated telemetry
2025-03-09 14:57:14,341 INFO    Thread-16 (_run_job):3398795 [wandb_init.py:init():915] communicating run to backend with 90.0 second timeout
2025-03-09 14:57:14,799 INFO    Thread-16 (_run_job):3398795 [wandb_init.py:init():990] starting run threads in backend
2025-03-09 14:57:14,872 INFO    Thread-16 (_run_job):3398795 [wandb_run.py:_console_start():2375] atexit reg
2025-03-09 14:57:14,872 INFO    Thread-16 (_run_job):3398795 [wandb_run.py:_redirect():2227] redirect: wrap_raw
2025-03-09 14:57:14,873 INFO    Thread-16 (_run_job):3398795 [wandb_run.py:_redirect():2292] Wrapping output streams.
2025-03-09 14:57:14,873 INFO    Thread-16 (_run_job):3398795 [wandb_run.py:_redirect():2315] Redirects installed.
2025-03-09 14:57:14,873 INFO    Thread-16 (_run_job):3398795 [wandb_init.py:init():1032] run started, returning control to user process
2025-03-09 14:57:28,231 INFO    Thread-16 (_run_job):3398795 [wandb_run.py:_finish():2112] finishing run da24s008-indian-institute-of-technology-madras/fashion-mnist-optim/yqkmna6t
2025-03-09 14:57:28,232 ERROR   Thread-16 (_run_job):3398795 [jupyter.py:save_history():450] Run pip install nbformat to save notebook history
2025-03-09 14:57:28,232 INFO    Thread-16 (_run_job):3398795 [jupyter.py:save_ipynb():386] not saving jupyter notebook
2025-03-09 14:57:28,232 INFO    Thread-16 (_run_job):3398795 [wandb_init.py:_jupyter_teardown():581] cleaning up jupyter logic
2025-03-09 14:57:28,232 INFO    Thread-16 (_run_job):3398795 [wandb_run.py:_atexit_cleanup():2340] got exitcode: 0
2025-03-09 14:57:28,232 INFO    Thread-16 (_run_job):3398795 [wandb_run.py:_restore():2322] restore
2025-03-09 14:57:28,232 INFO    Thread-16 (_run_job):3398795 [wandb_run.py:_restore():2328] restore done
2025-03-09 14:57:29,476 INFO    Thread-16 (_run_job):3398795 [wandb_run.py:_footer_history_summary_info():3956] rendering history
2025-03-09 14:57:29,476 INFO    Thread-16 (_run_job):3398795 [wandb_run.py:_footer_history_summary_info():3988] rendering summary
2025-03-09 14:57:29,477 INFO    Thread-16 (_run_job):3398795 [wandb_run.py:_footer_sync_info():3917] logging synced files
2025-03-09 14:57:34,481 INFO    MsgRouterThr:3398795 [mailbox.py:close():129] Closing mailbox, abandoning 1 handles.
2025-03-09 14:57:35,228 INFO    Thread-19 (_run_job):3398795 [wandb_setup.py:_flush():67] Current SDK version is 0.19.8
2025-03-09 14:57:35,228 INFO    Thread-19 (_run_job):3398795 [wandb_setup.py:_flush():67] Configure stats pid to 3398795
2025-03-09 14:57:35,228 INFO    Thread-19 (_run_job):3398795 [wandb_setup.py:_flush():67] Loading settings from /mnt/c_disk/navaneeth/.config/wandb/settings
2025-03-09 14:57:35,228 INFO    Thread-19 (_run_job):3398795 [wandb_setup.py:_flush():67] Loading settings from /mnt/e_disk/DA6401-Assignment-1-DA24S008/wandb/settings
2025-03-09 14:57:35,228 INFO    Thread-19 (_run_job):3398795 [wandb_setup.py:_flush():67] Loading settings from environment variables
2025-03-09 14:57:35,228 INFO    Thread-19 (_run_job):3398795 [wandb_init.py:setup_run_log_directory():647] Logging user logs to /mnt/e_disk/DA6401-Assignment-1-DA24S008/wandb/run-20250309_145735-jjvg319c/logs/debug.log
2025-03-09 14:57:35,229 INFO    Thread-19 (_run_job):3398795 [wandb_init.py:setup_run_log_directory():648] Logging internal logs to /mnt/e_disk/DA6401-Assignment-1-DA24S008/wandb/run-20250309_145735-jjvg319c/logs/debug-internal.log
2025-03-09 14:57:35,229 INFO    Thread-19 (_run_job):3398795 [wandb_init.py:monkeypatch_ipython():599] configuring jupyter hooks <wandb.sdk.wandb_init._WandbInit object at 0x7f6046c246d0>
2025-03-09 14:57:35,229 INFO    Thread-19 (_run_job):3398795 [wandb_init.py:init():761] calling init triggers
2025-03-09 14:57:35,229 INFO    Thread-19 (_run_job):3398795 [wandb_init.py:init():766] wandb.init called with sweep_config: {'activation': 'tanh', 'batch_size': 64, 'epochs': 10, 'lr': 0.0001, 'n_hidden': 4, 'n_hidden_units': 128, 'optim_algo': 'adam'}
config: {'_wandb': {}}
2025-03-09 14:57:35,229 INFO    Thread-19 (_run_job):3398795 [wandb_init.py:init():784] starting backend
2025-03-09 14:57:35,229 INFO    Thread-19 (_run_job):3398795 [wandb_init.py:init():788] sending inform_init request
2025-03-09 14:57:35,230 INFO    Thread-19 (_run_job):3398795 [backend.py:_multiprocessing_setup():101] multiprocessing start_methods=fork,spawn,forkserver, using: spawn
2025-03-09 14:57:35,231 INFO    Thread-19 (_run_job):3398795 [wandb_init.py:init():798] backend started and connected
2025-03-09 14:57:35,231 INFO    Thread-19 (_run_job):3398795 [wandb_run.py:_config_callback():1261] config_cb None None {'activation': 'tanh', 'batch_size': 64, 'epochs': 10, 'lr': 0.0001, 'n_hidden': 4, 'n_hidden_units': 128, 'optim_algo': 'adam'}
2025-03-09 14:57:35,232 INFO    Thread-19 (_run_job):3398795 [wandb_run.py:_label_probe_notebook():1204] probe notebook
2025-03-09 14:57:35,235 INFO    Thread-19 (_run_job):3398795 [wandb_init.py:init():891] updated telemetry
2025-03-09 14:57:35,241 INFO    Thread-19 (_run_job):3398795 [wandb_init.py:init():915] communicating run to backend with 90.0 second timeout
2025-03-09 14:57:35,652 INFO    Thread-19 (_run_job):3398795 [wandb_init.py:init():990] starting run threads in backend
2025-03-09 14:57:35,728 INFO    Thread-19 (_run_job):3398795 [wandb_run.py:_console_start():2375] atexit reg
2025-03-09 14:57:35,728 INFO    Thread-19 (_run_job):3398795 [wandb_run.py:_redirect():2227] redirect: wrap_raw
2025-03-09 14:57:35,728 INFO    Thread-19 (_run_job):3398795 [wandb_run.py:_redirect():2292] Wrapping output streams.
2025-03-09 14:57:35,729 INFO    Thread-19 (_run_job):3398795 [wandb_run.py:_redirect():2315] Redirects installed.
2025-03-09 14:57:35,729 INFO    Thread-19 (_run_job):3398795 [wandb_init.py:init():1032] run started, returning control to user process
2025-03-09 14:57:55,929 INFO    Thread-19 (_run_job):3398795 [wandb_run.py:_finish():2112] finishing run da24s008-indian-institute-of-technology-madras/fashion-mnist-optim/jjvg319c
2025-03-09 14:57:55,929 ERROR   Thread-19 (_run_job):3398795 [jupyter.py:save_history():450] Run pip install nbformat to save notebook history
2025-03-09 14:57:55,929 INFO    Thread-19 (_run_job):3398795 [jupyter.py:save_ipynb():386] not saving jupyter notebook
2025-03-09 14:57:55,929 INFO    Thread-19 (_run_job):3398795 [wandb_init.py:_jupyter_teardown():581] cleaning up jupyter logic
2025-03-09 14:57:55,929 INFO    Thread-19 (_run_job):3398795 [wandb_run.py:_atexit_cleanup():2340] got exitcode: 0
2025-03-09 14:57:55,929 INFO    Thread-19 (_run_job):3398795 [wandb_run.py:_restore():2322] restore
2025-03-09 14:57:55,929 INFO    Thread-19 (_run_job):3398795 [wandb_run.py:_restore():2328] restore done
2025-03-09 14:57:57,355 INFO    Thread-19 (_run_job):3398795 [wandb_run.py:_footer_history_summary_info():3956] rendering history
2025-03-09 14:57:57,355 INFO    Thread-19 (_run_job):3398795 [wandb_run.py:_footer_history_summary_info():3988] rendering summary
2025-03-09 14:57:57,357 INFO    Thread-19 (_run_job):3398795 [wandb_run.py:_footer_sync_info():3917] logging synced files
2025-03-09 14:58:01,359 INFO    MsgRouterThr:3398795 [mailbox.py:close():129] Closing mailbox, abandoning 1 handles.
2025-03-09 14:58:02,099 INFO    Thread-22 (_run_job):3398795 [wandb_setup.py:_flush():67] Current SDK version is 0.19.8
2025-03-09 14:58:02,099 INFO    Thread-22 (_run_job):3398795 [wandb_setup.py:_flush():67] Configure stats pid to 3398795
2025-03-09 14:58:02,099 INFO    Thread-22 (_run_job):3398795 [wandb_setup.py:_flush():67] Loading settings from /mnt/c_disk/navaneeth/.config/wandb/settings
2025-03-09 14:58:02,099 INFO    Thread-22 (_run_job):3398795 [wandb_setup.py:_flush():67] Loading settings from /mnt/e_disk/DA6401-Assignment-1-DA24S008/wandb/settings
2025-03-09 14:58:02,099 INFO    Thread-22 (_run_job):3398795 [wandb_setup.py:_flush():67] Loading settings from environment variables
2025-03-09 14:58:02,099 INFO    Thread-22 (_run_job):3398795 [wandb_init.py:setup_run_log_directory():647] Logging user logs to /mnt/e_disk/DA6401-Assignment-1-DA24S008/wandb/run-20250309_145802-68ssgso5/logs/debug.log
2025-03-09 14:58:02,099 INFO    Thread-22 (_run_job):3398795 [wandb_init.py:setup_run_log_directory():648] Logging internal logs to /mnt/e_disk/DA6401-Assignment-1-DA24S008/wandb/run-20250309_145802-68ssgso5/logs/debug-internal.log
2025-03-09 14:58:02,099 INFO    Thread-22 (_run_job):3398795 [wandb_init.py:monkeypatch_ipython():599] configuring jupyter hooks <wandb.sdk.wandb_init._WandbInit object at 0x7f6046c243d0>
2025-03-09 14:58:02,100 INFO    Thread-22 (_run_job):3398795 [wandb_init.py:init():761] calling init triggers
2025-03-09 14:58:02,100 INFO    Thread-22 (_run_job):3398795 [wandb_init.py:init():766] wandb.init called with sweep_config: {'activation': 'tanh', 'batch_size': 64, 'epochs': 10, 'lr': 0.0001, 'n_hidden': 5, 'n_hidden_units': 128, 'optim_algo': 'adam'}
config: {'_wandb': {}}
2025-03-09 14:58:02,100 INFO    Thread-22 (_run_job):3398795 [wandb_init.py:init():784] starting backend
2025-03-09 14:58:02,100 INFO    Thread-22 (_run_job):3398795 [wandb_init.py:init():788] sending inform_init request
2025-03-09 14:58:02,101 INFO    Thread-22 (_run_job):3398795 [backend.py:_multiprocessing_setup():101] multiprocessing start_methods=fork,spawn,forkserver, using: spawn
2025-03-09 14:58:02,101 INFO    Thread-22 (_run_job):3398795 [wandb_init.py:init():798] backend started and connected
2025-03-09 14:58:02,102 INFO    Thread-22 (_run_job):3398795 [wandb_run.py:_config_callback():1261] config_cb None None {'activation': 'tanh', 'batch_size': 64, 'epochs': 10, 'lr': 0.0001, 'n_hidden': 5, 'n_hidden_units': 128, 'optim_algo': 'adam'}
2025-03-09 14:58:02,103 INFO    Thread-22 (_run_job):3398795 [wandb_run.py:_label_probe_notebook():1204] probe notebook
2025-03-09 14:58:02,107 INFO    Thread-22 (_run_job):3398795 [wandb_init.py:init():891] updated telemetry
2025-03-09 14:58:02,112 INFO    Thread-22 (_run_job):3398795 [wandb_init.py:init():915] communicating run to backend with 90.0 second timeout
2025-03-09 14:58:02,549 INFO    Thread-22 (_run_job):3398795 [wandb_init.py:init():990] starting run threads in backend
2025-03-09 14:58:02,626 INFO    Thread-22 (_run_job):3398795 [wandb_run.py:_console_start():2375] atexit reg
2025-03-09 14:58:02,626 INFO    Thread-22 (_run_job):3398795 [wandb_run.py:_redirect():2227] redirect: wrap_raw
2025-03-09 14:58:02,626 INFO    Thread-22 (_run_job):3398795 [wandb_run.py:_redirect():2292] Wrapping output streams.
2025-03-09 14:58:02,626 INFO    Thread-22 (_run_job):3398795 [wandb_run.py:_redirect():2315] Redirects installed.
2025-03-09 14:58:02,627 INFO    Thread-22 (_run_job):3398795 [wandb_init.py:init():1032] run started, returning control to user process
2025-03-09 14:58:26,178 INFO    Thread-22 (_run_job):3398795 [wandb_run.py:_finish():2112] finishing run da24s008-indian-institute-of-technology-madras/fashion-mnist-optim/68ssgso5
2025-03-09 14:58:26,179 ERROR   Thread-22 (_run_job):3398795 [jupyter.py:save_history():450] Run pip install nbformat to save notebook history
2025-03-09 14:58:26,179 INFO    Thread-22 (_run_job):3398795 [jupyter.py:save_ipynb():386] not saving jupyter notebook
2025-03-09 14:58:26,179 INFO    Thread-22 (_run_job):3398795 [wandb_init.py:_jupyter_teardown():581] cleaning up jupyter logic
2025-03-09 14:58:26,179 INFO    Thread-22 (_run_job):3398795 [wandb_run.py:_atexit_cleanup():2340] got exitcode: 0
2025-03-09 14:58:26,179 INFO    Thread-22 (_run_job):3398795 [wandb_run.py:_restore():2322] restore
2025-03-09 14:58:26,179 INFO    Thread-22 (_run_job):3398795 [wandb_run.py:_restore():2328] restore done
2025-03-09 14:58:27,431 INFO    Thread-22 (_run_job):3398795 [wandb_run.py:_footer_history_summary_info():3956] rendering history
2025-03-09 14:58:27,431 INFO    Thread-22 (_run_job):3398795 [wandb_run.py:_footer_history_summary_info():3988] rendering summary
2025-03-09 14:58:27,432 INFO    Thread-22 (_run_job):3398795 [wandb_run.py:_footer_sync_info():3917] logging synced files
2025-03-09 14:58:38,443 INFO    MsgRouterThr:3398795 [mailbox.py:close():129] Closing mailbox, abandoning 1 handles.
2025-03-09 14:58:39,185 INFO    Thread-25 (_run_job):3398795 [wandb_setup.py:_flush():67] Current SDK version is 0.19.8
2025-03-09 14:58:39,185 INFO    Thread-25 (_run_job):3398795 [wandb_setup.py:_flush():67] Configure stats pid to 3398795
2025-03-09 14:58:39,185 INFO    Thread-25 (_run_job):3398795 [wandb_setup.py:_flush():67] Loading settings from /mnt/c_disk/navaneeth/.config/wandb/settings
2025-03-09 14:58:39,185 INFO    Thread-25 (_run_job):3398795 [wandb_setup.py:_flush():67] Loading settings from /mnt/e_disk/DA6401-Assignment-1-DA24S008/wandb/settings
2025-03-09 14:58:39,185 INFO    Thread-25 (_run_job):3398795 [wandb_setup.py:_flush():67] Loading settings from environment variables
2025-03-09 14:58:39,185 INFO    Thread-25 (_run_job):3398795 [wandb_init.py:setup_run_log_directory():647] Logging user logs to /mnt/e_disk/DA6401-Assignment-1-DA24S008/wandb/run-20250309_145839-v1qxxn2v/logs/debug.log
2025-03-09 14:58:39,185 INFO    Thread-25 (_run_job):3398795 [wandb_init.py:setup_run_log_directory():648] Logging internal logs to /mnt/e_disk/DA6401-Assignment-1-DA24S008/wandb/run-20250309_145839-v1qxxn2v/logs/debug-internal.log
2025-03-09 14:58:39,185 INFO    Thread-25 (_run_job):3398795 [wandb_init.py:monkeypatch_ipython():599] configuring jupyter hooks <wandb.sdk.wandb_init._WandbInit object at 0x7f5ea4a09c00>
2025-03-09 14:58:39,186 INFO    Thread-25 (_run_job):3398795 [wandb_init.py:init():761] calling init triggers
2025-03-09 14:58:39,186 INFO    Thread-25 (_run_job):3398795 [wandb_init.py:init():766] wandb.init called with sweep_config: {'activation': 'relu', 'batch_size': 32, 'epochs': 10, 'lr': 0.001, 'n_hidden': 4, 'n_hidden_units': 64, 'optim_algo': 'sgd'}
config: {'_wandb': {}}
2025-03-09 14:58:39,186 INFO    Thread-25 (_run_job):3398795 [wandb_init.py:init():784] starting backend
2025-03-09 14:58:39,186 INFO    Thread-25 (_run_job):3398795 [wandb_init.py:init():788] sending inform_init request
2025-03-09 14:58:39,186 INFO    Thread-25 (_run_job):3398795 [backend.py:_multiprocessing_setup():101] multiprocessing start_methods=fork,spawn,forkserver, using: spawn
2025-03-09 14:58:39,186 INFO    Thread-25 (_run_job):3398795 [wandb_init.py:init():798] backend started and connected
2025-03-09 14:58:39,187 INFO    Thread-25 (_run_job):3398795 [wandb_run.py:_config_callback():1261] config_cb None None {'activation': 'relu', 'batch_size': 32, 'epochs': 10, 'lr': 0.001, 'n_hidden': 4, 'n_hidden_units': 64, 'optim_algo': 'sgd'}
2025-03-09 14:58:39,188 INFO    Thread-25 (_run_job):3398795 [wandb_run.py:_label_probe_notebook():1204] probe notebook
2025-03-09 14:58:39,190 INFO    Thread-25 (_run_job):3398795 [wandb_init.py:init():891] updated telemetry
2025-03-09 14:58:39,196 INFO    Thread-25 (_run_job):3398795 [wandb_init.py:init():915] communicating run to backend with 90.0 second timeout
2025-03-09 14:58:39,628 INFO    Thread-25 (_run_job):3398795 [wandb_init.py:init():990] starting run threads in backend
2025-03-09 14:58:39,707 INFO    Thread-25 (_run_job):3398795 [wandb_run.py:_console_start():2375] atexit reg
2025-03-09 14:58:39,707 INFO    Thread-25 (_run_job):3398795 [wandb_run.py:_redirect():2227] redirect: wrap_raw
2025-03-09 14:58:39,707 INFO    Thread-25 (_run_job):3398795 [wandb_run.py:_redirect():2292] Wrapping output streams.
2025-03-09 14:58:39,708 INFO    Thread-25 (_run_job):3398795 [wandb_run.py:_redirect():2315] Redirects installed.
2025-03-09 14:58:39,708 INFO    Thread-25 (_run_job):3398795 [wandb_init.py:init():1032] run started, returning control to user process
2025-03-09 14:58:46,621 INFO    Thread-25 (_run_job):3398795 [wandb_run.py:_finish():2112] finishing run da24s008-indian-institute-of-technology-madras/fashion-mnist-optim/v1qxxn2v
2025-03-09 14:58:46,621 ERROR   Thread-25 (_run_job):3398795 [jupyter.py:save_history():450] Run pip install nbformat to save notebook history
2025-03-09 14:58:46,622 INFO    Thread-25 (_run_job):3398795 [jupyter.py:save_ipynb():386] not saving jupyter notebook
2025-03-09 14:58:46,622 INFO    Thread-25 (_run_job):3398795 [wandb_init.py:_jupyter_teardown():581] cleaning up jupyter logic
2025-03-09 14:58:46,622 INFO    Thread-25 (_run_job):3398795 [wandb_run.py:_atexit_cleanup():2340] got exitcode: 0
2025-03-09 14:58:46,622 INFO    Thread-25 (_run_job):3398795 [wandb_run.py:_restore():2322] restore
2025-03-09 14:58:46,622 INFO    Thread-25 (_run_job):3398795 [wandb_run.py:_restore():2328] restore done
2025-03-09 14:58:47,864 INFO    Thread-25 (_run_job):3398795 [wandb_run.py:_footer_history_summary_info():3956] rendering history
2025-03-09 14:58:47,865 INFO    Thread-25 (_run_job):3398795 [wandb_run.py:_footer_history_summary_info():3988] rendering summary
2025-03-09 14:58:47,866 INFO    Thread-25 (_run_job):3398795 [wandb_run.py:_footer_sync_info():3917] logging synced files
2025-03-09 14:58:49,866 INFO    MsgRouterThr:3398795 [mailbox.py:close():129] Closing mailbox, abandoning 1 handles.
2025-03-09 14:58:50,604 INFO    Thread-28 (_run_job):3398795 [wandb_setup.py:_flush():67] Current SDK version is 0.19.8
2025-03-09 14:58:50,605 INFO    Thread-28 (_run_job):3398795 [wandb_setup.py:_flush():67] Configure stats pid to 3398795
2025-03-09 14:58:50,605 INFO    Thread-28 (_run_job):3398795 [wandb_setup.py:_flush():67] Loading settings from /mnt/c_disk/navaneeth/.config/wandb/settings
2025-03-09 14:58:50,605 INFO    Thread-28 (_run_job):3398795 [wandb_setup.py:_flush():67] Loading settings from /mnt/e_disk/DA6401-Assignment-1-DA24S008/wandb/settings
2025-03-09 14:58:50,605 INFO    Thread-28 (_run_job):3398795 [wandb_setup.py:_flush():67] Loading settings from environment variables
2025-03-09 14:58:50,605 INFO    Thread-28 (_run_job):3398795 [wandb_init.py:setup_run_log_directory():647] Logging user logs to /mnt/e_disk/DA6401-Assignment-1-DA24S008/wandb/run-20250309_145850-uuxru0y7/logs/debug.log
2025-03-09 14:58:50,605 INFO    Thread-28 (_run_job):3398795 [wandb_init.py:setup_run_log_directory():648] Logging internal logs to /mnt/e_disk/DA6401-Assignment-1-DA24S008/wandb/run-20250309_145850-uuxru0y7/logs/debug-internal.log
2025-03-09 14:58:50,605 INFO    Thread-28 (_run_job):3398795 [wandb_init.py:monkeypatch_ipython():599] configuring jupyter hooks <wandb.sdk.wandb_init._WandbInit object at 0x7f6046c3a920>
2025-03-09 14:58:50,605 INFO    Thread-28 (_run_job):3398795 [wandb_init.py:init():761] calling init triggers
2025-03-09 14:58:50,605 INFO    Thread-28 (_run_job):3398795 [wandb_init.py:init():766] wandb.init called with sweep_config: {'activation': 'tanh', 'batch_size': 32, 'epochs': 5, 'lr': 0.0001, 'n_hidden': 5, 'n_hidden_units': 128, 'optim_algo': 'sgd'}
config: {'_wandb': {}}
2025-03-09 14:58:50,605 INFO    Thread-28 (_run_job):3398795 [wandb_init.py:init():784] starting backend
2025-03-09 14:58:50,605 INFO    Thread-28 (_run_job):3398795 [wandb_init.py:init():788] sending inform_init request
2025-03-09 14:58:50,606 INFO    Thread-28 (_run_job):3398795 [backend.py:_multiprocessing_setup():101] multiprocessing start_methods=fork,spawn,forkserver, using: spawn
2025-03-09 14:58:50,606 INFO    Thread-28 (_run_job):3398795 [wandb_init.py:init():798] backend started and connected
2025-03-09 14:58:50,606 INFO    Thread-28 (_run_job):3398795 [wandb_run.py:_config_callback():1261] config_cb None None {'activation': 'tanh', 'batch_size': 32, 'epochs': 5, 'lr': 0.0001, 'n_hidden': 5, 'n_hidden_units': 128, 'optim_algo': 'sgd'}
2025-03-09 14:58:50,607 INFO    Thread-28 (_run_job):3398795 [wandb_run.py:_label_probe_notebook():1204] probe notebook
2025-03-09 14:58:50,609 INFO    Thread-28 (_run_job):3398795 [wandb_init.py:init():891] updated telemetry
2025-03-09 14:58:50,615 INFO    Thread-28 (_run_job):3398795 [wandb_init.py:init():915] communicating run to backend with 90.0 second timeout
2025-03-09 14:58:51,058 INFO    Thread-28 (_run_job):3398795 [wandb_init.py:init():990] starting run threads in backend
2025-03-09 14:58:51,139 INFO    Thread-28 (_run_job):3398795 [wandb_run.py:_console_start():2375] atexit reg
2025-03-09 14:58:51,140 INFO    Thread-28 (_run_job):3398795 [wandb_run.py:_redirect():2227] redirect: wrap_raw
2025-03-09 14:58:51,140 INFO    Thread-28 (_run_job):3398795 [wandb_run.py:_redirect():2292] Wrapping output streams.
2025-03-09 14:58:51,140 INFO    Thread-28 (_run_job):3398795 [wandb_run.py:_redirect():2315] Redirects installed.
2025-03-09 14:58:51,140 INFO    Thread-28 (_run_job):3398795 [wandb_init.py:init():1032] run started, returning control to user process
2025-03-09 14:59:02,688 INFO    Thread-28 (_run_job):3398795 [wandb_run.py:_finish():2112] finishing run da24s008-indian-institute-of-technology-madras/fashion-mnist-optim/uuxru0y7
2025-03-09 14:59:02,689 ERROR   Thread-28 (_run_job):3398795 [jupyter.py:save_history():450] Run pip install nbformat to save notebook history
2025-03-09 14:59:02,689 INFO    Thread-28 (_run_job):3398795 [jupyter.py:save_ipynb():386] not saving jupyter notebook
2025-03-09 14:59:02,689 INFO    Thread-28 (_run_job):3398795 [wandb_init.py:_jupyter_teardown():581] cleaning up jupyter logic
2025-03-09 14:59:02,689 INFO    Thread-28 (_run_job):3398795 [wandb_run.py:_atexit_cleanup():2340] got exitcode: 0
2025-03-09 14:59:02,689 INFO    Thread-28 (_run_job):3398795 [wandb_run.py:_restore():2322] restore
2025-03-09 14:59:02,689 INFO    Thread-28 (_run_job):3398795 [wandb_run.py:_restore():2328] restore done
2025-03-09 14:59:03,968 INFO    Thread-28 (_run_job):3398795 [wandb_run.py:_footer_history_summary_info():3956] rendering history
2025-03-09 14:59:03,969 INFO    Thread-28 (_run_job):3398795 [wandb_run.py:_footer_history_summary_info():3988] rendering summary
2025-03-09 14:59:03,970 INFO    Thread-28 (_run_job):3398795 [wandb_run.py:_footer_sync_info():3917] logging synced files
2025-03-09 14:59:05,970 INFO    MsgRouterThr:3398795 [mailbox.py:close():129] Closing mailbox, abandoning 1 handles.
2025-03-09 14:59:06,704 INFO    Thread-31 (_run_job):3398795 [wandb_setup.py:_flush():67] Current SDK version is 0.19.8
2025-03-09 14:59:06,704 INFO    Thread-31 (_run_job):3398795 [wandb_setup.py:_flush():67] Configure stats pid to 3398795
2025-03-09 14:59:06,704 INFO    Thread-31 (_run_job):3398795 [wandb_setup.py:_flush():67] Loading settings from /mnt/c_disk/navaneeth/.config/wandb/settings
2025-03-09 14:59:06,704 INFO    Thread-31 (_run_job):3398795 [wandb_setup.py:_flush():67] Loading settings from /mnt/e_disk/DA6401-Assignment-1-DA24S008/wandb/settings
2025-03-09 14:59:06,704 INFO    Thread-31 (_run_job):3398795 [wandb_setup.py:_flush():67] Loading settings from environment variables
2025-03-09 14:59:06,704 INFO    Thread-31 (_run_job):3398795 [wandb_init.py:setup_run_log_directory():647] Logging user logs to /mnt/e_disk/DA6401-Assignment-1-DA24S008/wandb/run-20250309_145906-bkyczoke/logs/debug.log
2025-03-09 14:59:06,704 INFO    Thread-31 (_run_job):3398795 [wandb_init.py:setup_run_log_directory():648] Logging internal logs to /mnt/e_disk/DA6401-Assignment-1-DA24S008/wandb/run-20250309_145906-bkyczoke/logs/debug-internal.log
2025-03-09 14:59:06,704 INFO    Thread-31 (_run_job):3398795 [wandb_init.py:monkeypatch_ipython():599] configuring jupyter hooks <wandb.sdk.wandb_init._WandbInit object at 0x7f5ea42ac4f0>
2025-03-09 14:59:06,704 INFO    Thread-31 (_run_job):3398795 [wandb_init.py:init():761] calling init triggers
2025-03-09 14:59:06,705 INFO    Thread-31 (_run_job):3398795 [wandb_init.py:init():766] wandb.init called with sweep_config: {'activation': 'tanh', 'batch_size': 16, 'epochs': 10, 'lr': 0.0001, 'n_hidden': 5, 'n_hidden_units': 32, 'optim_algo': 'momentum'}
config: {'_wandb': {}}
2025-03-09 14:59:06,705 INFO    Thread-31 (_run_job):3398795 [wandb_init.py:init():784] starting backend
2025-03-09 14:59:06,705 INFO    Thread-31 (_run_job):3398795 [wandb_init.py:init():788] sending inform_init request
2025-03-09 14:59:06,705 INFO    Thread-31 (_run_job):3398795 [backend.py:_multiprocessing_setup():101] multiprocessing start_methods=fork,spawn,forkserver, using: spawn
2025-03-09 14:59:06,705 INFO    Thread-31 (_run_job):3398795 [wandb_init.py:init():798] backend started and connected
2025-03-09 14:59:06,706 INFO    Thread-31 (_run_job):3398795 [wandb_run.py:_config_callback():1261] config_cb None None {'activation': 'tanh', 'batch_size': 16, 'epochs': 10, 'lr': 0.0001, 'n_hidden': 5, 'n_hidden_units': 32, 'optim_algo': 'momentum'}
2025-03-09 14:59:06,707 INFO    Thread-31 (_run_job):3398795 [wandb_run.py:_label_probe_notebook():1204] probe notebook
2025-03-09 14:59:06,711 INFO    Thread-31 (_run_job):3398795 [wandb_init.py:init():891] updated telemetry
2025-03-09 14:59:06,718 INFO    Thread-31 (_run_job):3398795 [wandb_init.py:init():915] communicating run to backend with 90.0 second timeout
2025-03-09 14:59:07,133 INFO    Thread-31 (_run_job):3398795 [wandb_init.py:init():990] starting run threads in backend
2025-03-09 14:59:07,204 INFO    Thread-31 (_run_job):3398795 [wandb_run.py:_console_start():2375] atexit reg
2025-03-09 14:59:07,205 INFO    Thread-31 (_run_job):3398795 [wandb_run.py:_redirect():2227] redirect: wrap_raw
2025-03-09 14:59:07,205 INFO    Thread-31 (_run_job):3398795 [wandb_run.py:_redirect():2292] Wrapping output streams.
2025-03-09 14:59:07,205 INFO    Thread-31 (_run_job):3398795 [wandb_run.py:_redirect():2315] Redirects installed.
2025-03-09 14:59:07,205 INFO    Thread-31 (_run_job):3398795 [wandb_init.py:init():1032] run started, returning control to user process
2025-03-09 14:59:13,992 INFO    Thread-31 (_run_job):3398795 [wandb_run.py:_finish():2112] finishing run da24s008-indian-institute-of-technology-madras/fashion-mnist-optim/bkyczoke
2025-03-09 14:59:13,993 ERROR   Thread-31 (_run_job):3398795 [jupyter.py:save_history():450] Run pip install nbformat to save notebook history
2025-03-09 14:59:13,993 INFO    Thread-31 (_run_job):3398795 [jupyter.py:save_ipynb():386] not saving jupyter notebook
2025-03-09 14:59:13,993 INFO    Thread-31 (_run_job):3398795 [wandb_init.py:_jupyter_teardown():581] cleaning up jupyter logic
2025-03-09 14:59:13,993 INFO    Thread-31 (_run_job):3398795 [wandb_run.py:_atexit_cleanup():2340] got exitcode: 0
2025-03-09 14:59:13,993 INFO    Thread-31 (_run_job):3398795 [wandb_run.py:_restore():2322] restore
2025-03-09 14:59:13,993 INFO    Thread-31 (_run_job):3398795 [wandb_run.py:_restore():2328] restore done
2025-03-09 14:59:15,215 INFO    Thread-31 (_run_job):3398795 [wandb_run.py:_footer_history_summary_info():3956] rendering history
2025-03-09 14:59:15,215 INFO    Thread-31 (_run_job):3398795 [wandb_run.py:_footer_history_summary_info():3988] rendering summary
2025-03-09 14:59:15,216 INFO    Thread-31 (_run_job):3398795 [wandb_run.py:_footer_sync_info():3917] logging synced files
2025-03-09 14:59:16,216 INFO    MsgRouterThr:3398795 [mailbox.py:close():129] Closing mailbox, abandoning 1 handles.
2025-03-09 14:59:16,961 INFO    Thread-34 (_run_job):3398795 [wandb_setup.py:_flush():67] Current SDK version is 0.19.8
2025-03-09 14:59:16,961 INFO    Thread-34 (_run_job):3398795 [wandb_setup.py:_flush():67] Configure stats pid to 3398795
2025-03-09 14:59:16,961 INFO    Thread-34 (_run_job):3398795 [wandb_setup.py:_flush():67] Loading settings from /mnt/c_disk/navaneeth/.config/wandb/settings
2025-03-09 14:59:16,961 INFO    Thread-34 (_run_job):3398795 [wandb_setup.py:_flush():67] Loading settings from /mnt/e_disk/DA6401-Assignment-1-DA24S008/wandb/settings
2025-03-09 14:59:16,961 INFO    Thread-34 (_run_job):3398795 [wandb_setup.py:_flush():67] Loading settings from environment variables
2025-03-09 14:59:16,961 INFO    Thread-34 (_run_job):3398795 [wandb_init.py:setup_run_log_directory():647] Logging user logs to /mnt/e_disk/DA6401-Assignment-1-DA24S008/wandb/run-20250309_145916-hot90tj3/logs/debug.log
2025-03-09 14:59:16,961 INFO    Thread-34 (_run_job):3398795 [wandb_init.py:setup_run_log_directory():648] Logging internal logs to /mnt/e_disk/DA6401-Assignment-1-DA24S008/wandb/run-20250309_145916-hot90tj3/logs/debug-internal.log
2025-03-09 14:59:16,961 INFO    Thread-34 (_run_job):3398795 [wandb_init.py:monkeypatch_ipython():599] configuring jupyter hooks <wandb.sdk.wandb_init._WandbInit object at 0x7f5ea86e4850>
2025-03-09 14:59:16,961 INFO    Thread-34 (_run_job):3398795 [wandb_init.py:init():761] calling init triggers
2025-03-09 14:59:16,961 INFO    Thread-34 (_run_job):3398795 [wandb_init.py:init():766] wandb.init called with sweep_config: {'activation': 'tanh', 'batch_size': 32, 'epochs': 5, 'lr': 0.001, 'n_hidden': 4, 'n_hidden_units': 32, 'optim_algo': 'momentum'}
config: {'_wandb': {}}
2025-03-09 14:59:16,961 INFO    Thread-34 (_run_job):3398795 [wandb_init.py:init():784] starting backend
2025-03-09 14:59:16,961 INFO    Thread-34 (_run_job):3398795 [wandb_init.py:init():788] sending inform_init request
2025-03-09 14:59:16,962 INFO    Thread-34 (_run_job):3398795 [backend.py:_multiprocessing_setup():101] multiprocessing start_methods=fork,spawn,forkserver, using: spawn
2025-03-09 14:59:16,962 INFO    Thread-34 (_run_job):3398795 [wandb_init.py:init():798] backend started and connected
2025-03-09 14:59:16,962 INFO    Thread-34 (_run_job):3398795 [wandb_run.py:_config_callback():1261] config_cb None None {'activation': 'tanh', 'batch_size': 32, 'epochs': 5, 'lr': 0.001, 'n_hidden': 4, 'n_hidden_units': 32, 'optim_algo': 'momentum'}
2025-03-09 14:59:16,963 INFO    Thread-34 (_run_job):3398795 [wandb_run.py:_label_probe_notebook():1204] probe notebook
2025-03-09 14:59:16,965 INFO    Thread-34 (_run_job):3398795 [wandb_init.py:init():891] updated telemetry
2025-03-09 14:59:16,971 INFO    Thread-34 (_run_job):3398795 [wandb_init.py:init():915] communicating run to backend with 90.0 second timeout
2025-03-09 14:59:17,642 INFO    Thread-34 (_run_job):3398795 [wandb_init.py:init():990] starting run threads in backend
2025-03-09 14:59:17,718 INFO    Thread-34 (_run_job):3398795 [wandb_run.py:_console_start():2375] atexit reg
2025-03-09 14:59:17,718 INFO    Thread-34 (_run_job):3398795 [wandb_run.py:_redirect():2227] redirect: wrap_raw
2025-03-09 14:59:17,718 INFO    Thread-34 (_run_job):3398795 [wandb_run.py:_redirect():2292] Wrapping output streams.
2025-03-09 14:59:17,718 INFO    Thread-34 (_run_job):3398795 [wandb_run.py:_redirect():2315] Redirects installed.
2025-03-09 14:59:17,719 INFO    Thread-34 (_run_job):3398795 [wandb_init.py:init():1032] run started, returning control to user process
2025-03-09 14:59:21,318 INFO    Thread-34 (_run_job):3398795 [wandb_run.py:_finish():2112] finishing run da24s008-indian-institute-of-technology-madras/fashion-mnist-optim/hot90tj3
2025-03-09 14:59:21,319 ERROR   Thread-34 (_run_job):3398795 [jupyter.py:save_history():450] Run pip install nbformat to save notebook history
2025-03-09 14:59:21,319 INFO    Thread-34 (_run_job):3398795 [jupyter.py:save_ipynb():386] not saving jupyter notebook
2025-03-09 14:59:21,319 INFO    Thread-34 (_run_job):3398795 [wandb_init.py:_jupyter_teardown():581] cleaning up jupyter logic
2025-03-09 14:59:21,319 INFO    Thread-34 (_run_job):3398795 [wandb_run.py:_atexit_cleanup():2340] got exitcode: 0
2025-03-09 14:59:21,319 INFO    Thread-34 (_run_job):3398795 [wandb_run.py:_restore():2322] restore
2025-03-09 14:59:21,319 INFO    Thread-34 (_run_job):3398795 [wandb_run.py:_restore():2328] restore done
2025-03-09 14:59:22,533 INFO    Thread-34 (_run_job):3398795 [wandb_run.py:_footer_history_summary_info():3956] rendering history
2025-03-09 14:59:22,533 INFO    Thread-34 (_run_job):3398795 [wandb_run.py:_footer_history_summary_info():3988] rendering summary
2025-03-09 14:59:22,535 INFO    Thread-34 (_run_job):3398795 [wandb_run.py:_footer_sync_info():3917] logging synced files
2025-03-09 14:59:27,538 INFO    MsgRouterThr:3398795 [mailbox.py:close():129] Closing mailbox, abandoning 1 handles.
2025-03-09 14:59:28,278 INFO    Thread-37 (_run_job):3398795 [wandb_setup.py:_flush():67] Current SDK version is 0.19.8
2025-03-09 14:59:28,279 INFO    Thread-37 (_run_job):3398795 [wandb_setup.py:_flush():67] Configure stats pid to 3398795
2025-03-09 14:59:28,279 INFO    Thread-37 (_run_job):3398795 [wandb_setup.py:_flush():67] Loading settings from /mnt/c_disk/navaneeth/.config/wandb/settings
2025-03-09 14:59:28,279 INFO    Thread-37 (_run_job):3398795 [wandb_setup.py:_flush():67] Loading settings from /mnt/e_disk/DA6401-Assignment-1-DA24S008/wandb/settings
2025-03-09 14:59:28,279 INFO    Thread-37 (_run_job):3398795 [wandb_setup.py:_flush():67] Loading settings from environment variables
2025-03-09 14:59:28,279 INFO    Thread-37 (_run_job):3398795 [wandb_init.py:setup_run_log_directory():647] Logging user logs to /mnt/e_disk/DA6401-Assignment-1-DA24S008/wandb/run-20250309_145928-f8sxirer/logs/debug.log
2025-03-09 14:59:28,279 INFO    Thread-37 (_run_job):3398795 [wandb_init.py:setup_run_log_directory():648] Logging internal logs to /mnt/e_disk/DA6401-Assignment-1-DA24S008/wandb/run-20250309_145928-f8sxirer/logs/debug-internal.log
2025-03-09 14:59:28,279 INFO    Thread-37 (_run_job):3398795 [wandb_init.py:monkeypatch_ipython():599] configuring jupyter hooks <wandb.sdk.wandb_init._WandbInit object at 0x7f5ea86e4fa0>
2025-03-09 14:59:28,279 INFO    Thread-37 (_run_job):3398795 [wandb_init.py:init():761] calling init triggers
2025-03-09 14:59:28,279 INFO    Thread-37 (_run_job):3398795 [wandb_init.py:init():766] wandb.init called with sweep_config: {'activation': 'relu', 'batch_size': 16, 'epochs': 10, 'lr': 0.001, 'n_hidden': 3, 'n_hidden_units': 64, 'optim_algo': 'sgd'}
config: {'_wandb': {}}
2025-03-09 14:59:28,279 INFO    Thread-37 (_run_job):3398795 [wandb_init.py:init():784] starting backend
2025-03-09 14:59:28,279 INFO    Thread-37 (_run_job):3398795 [wandb_init.py:init():788] sending inform_init request
2025-03-09 14:59:28,280 INFO    Thread-37 (_run_job):3398795 [backend.py:_multiprocessing_setup():101] multiprocessing start_methods=fork,spawn,forkserver, using: spawn
2025-03-09 14:59:28,280 INFO    Thread-37 (_run_job):3398795 [wandb_init.py:init():798] backend started and connected
2025-03-09 14:59:28,280 INFO    Thread-37 (_run_job):3398795 [wandb_run.py:_config_callback():1261] config_cb None None {'activation': 'relu', 'batch_size': 16, 'epochs': 10, 'lr': 0.001, 'n_hidden': 3, 'n_hidden_units': 64, 'optim_algo': 'sgd'}
2025-03-09 14:59:28,281 INFO    Thread-37 (_run_job):3398795 [wandb_run.py:_label_probe_notebook():1204] probe notebook
2025-03-09 14:59:28,283 INFO    Thread-37 (_run_job):3398795 [wandb_init.py:init():891] updated telemetry
2025-03-09 14:59:28,290 INFO    Thread-37 (_run_job):3398795 [wandb_init.py:init():915] communicating run to backend with 90.0 second timeout
2025-03-09 14:59:28,709 INFO    Thread-37 (_run_job):3398795 [wandb_init.py:init():990] starting run threads in backend
2025-03-09 14:59:28,785 INFO    Thread-37 (_run_job):3398795 [wandb_run.py:_console_start():2375] atexit reg
2025-03-09 14:59:28,785 INFO    Thread-37 (_run_job):3398795 [wandb_run.py:_redirect():2227] redirect: wrap_raw
2025-03-09 14:59:28,786 INFO    Thread-37 (_run_job):3398795 [wandb_run.py:_redirect():2292] Wrapping output streams.
2025-03-09 14:59:28,786 INFO    Thread-37 (_run_job):3398795 [wandb_run.py:_redirect():2315] Redirects installed.
2025-03-09 14:59:28,786 INFO    Thread-37 (_run_job):3398795 [wandb_init.py:init():1032] run started, returning control to user process
2025-03-09 14:59:34,404 INFO    Thread-37 (_run_job):3398795 [wandb_run.py:_finish():2112] finishing run da24s008-indian-institute-of-technology-madras/fashion-mnist-optim/f8sxirer
2025-03-09 14:59:34,404 ERROR   Thread-37 (_run_job):3398795 [jupyter.py:save_history():450] Run pip install nbformat to save notebook history
2025-03-09 14:59:34,404 INFO    Thread-37 (_run_job):3398795 [jupyter.py:save_ipynb():386] not saving jupyter notebook
2025-03-09 14:59:34,404 INFO    Thread-37 (_run_job):3398795 [wandb_init.py:_jupyter_teardown():581] cleaning up jupyter logic
2025-03-09 14:59:34,404 INFO    Thread-37 (_run_job):3398795 [wandb_run.py:_atexit_cleanup():2340] got exitcode: 0
2025-03-09 14:59:34,404 INFO    Thread-37 (_run_job):3398795 [wandb_run.py:_restore():2322] restore
2025-03-09 14:59:34,404 INFO    Thread-37 (_run_job):3398795 [wandb_run.py:_restore():2328] restore done
2025-03-09 14:59:35,642 INFO    Thread-37 (_run_job):3398795 [wandb_run.py:_footer_history_summary_info():3956] rendering history
2025-03-09 14:59:35,642 INFO    Thread-37 (_run_job):3398795 [wandb_run.py:_footer_history_summary_info():3988] rendering summary
2025-03-09 14:59:35,644 INFO    Thread-37 (_run_job):3398795 [wandb_run.py:_footer_sync_info():3917] logging synced files
2025-03-09 14:59:38,645 INFO    MsgRouterThr:3398795 [mailbox.py:close():129] Closing mailbox, abandoning 1 handles.
2025-03-09 14:59:39,388 INFO    Thread-40 (_run_job):3398795 [wandb_setup.py:_flush():67] Current SDK version is 0.19.8
2025-03-09 14:59:39,388 INFO    Thread-40 (_run_job):3398795 [wandb_setup.py:_flush():67] Configure stats pid to 3398795
2025-03-09 14:59:39,388 INFO    Thread-40 (_run_job):3398795 [wandb_setup.py:_flush():67] Loading settings from /mnt/c_disk/navaneeth/.config/wandb/settings
2025-03-09 14:59:39,388 INFO    Thread-40 (_run_job):3398795 [wandb_setup.py:_flush():67] Loading settings from /mnt/e_disk/DA6401-Assignment-1-DA24S008/wandb/settings
2025-03-09 14:59:39,389 INFO    Thread-40 (_run_job):3398795 [wandb_setup.py:_flush():67] Loading settings from environment variables
2025-03-09 14:59:39,389 INFO    Thread-40 (_run_job):3398795 [wandb_init.py:setup_run_log_directory():647] Logging user logs to /mnt/e_disk/DA6401-Assignment-1-DA24S008/wandb/run-20250309_145939-5usnma5h/logs/debug.log
2025-03-09 14:59:39,389 INFO    Thread-40 (_run_job):3398795 [wandb_init.py:setup_run_log_directory():648] Logging internal logs to /mnt/e_disk/DA6401-Assignment-1-DA24S008/wandb/run-20250309_145939-5usnma5h/logs/debug-internal.log
2025-03-09 14:59:39,389 INFO    Thread-40 (_run_job):3398795 [wandb_init.py:monkeypatch_ipython():599] configuring jupyter hooks <wandb.sdk.wandb_init._WandbInit object at 0x7f5ea4a480d0>
2025-03-09 14:59:39,389 INFO    Thread-40 (_run_job):3398795 [wandb_init.py:init():761] calling init triggers
2025-03-09 14:59:39,389 INFO    Thread-40 (_run_job):3398795 [wandb_init.py:init():766] wandb.init called with sweep_config: {'activation': 'tanh', 'batch_size': 32, 'epochs': 5, 'lr': 0.001, 'n_hidden': 4, 'n_hidden_units': 32, 'optim_algo': 'adam'}
config: {'_wandb': {}}
2025-03-09 14:59:39,389 INFO    Thread-40 (_run_job):3398795 [wandb_init.py:init():784] starting backend
2025-03-09 14:59:39,389 INFO    Thread-40 (_run_job):3398795 [wandb_init.py:init():788] sending inform_init request
2025-03-09 14:59:39,390 INFO    Thread-40 (_run_job):3398795 [backend.py:_multiprocessing_setup():101] multiprocessing start_methods=fork,spawn,forkserver, using: spawn
2025-03-09 14:59:39,390 INFO    Thread-40 (_run_job):3398795 [wandb_init.py:init():798] backend started and connected
2025-03-09 14:59:39,391 INFO    Thread-40 (_run_job):3398795 [wandb_run.py:_config_callback():1261] config_cb None None {'activation': 'tanh', 'batch_size': 32, 'epochs': 5, 'lr': 0.001, 'n_hidden': 4, 'n_hidden_units': 32, 'optim_algo': 'adam'}
2025-03-09 14:59:39,392 INFO    Thread-40 (_run_job):3398795 [wandb_run.py:_label_probe_notebook():1204] probe notebook
2025-03-09 14:59:39,396 INFO    Thread-40 (_run_job):3398795 [wandb_init.py:init():891] updated telemetry
2025-03-09 14:59:39,401 INFO    Thread-40 (_run_job):3398795 [wandb_init.py:init():915] communicating run to backend with 90.0 second timeout
2025-03-09 14:59:39,847 INFO    Thread-40 (_run_job):3398795 [wandb_init.py:init():990] starting run threads in backend
2025-03-09 14:59:39,923 INFO    Thread-40 (_run_job):3398795 [wandb_run.py:_console_start():2375] atexit reg
2025-03-09 14:59:39,923 INFO    Thread-40 (_run_job):3398795 [wandb_run.py:_redirect():2227] redirect: wrap_raw
2025-03-09 14:59:39,923 INFO    Thread-40 (_run_job):3398795 [wandb_run.py:_redirect():2292] Wrapping output streams.
2025-03-09 14:59:39,923 INFO    Thread-40 (_run_job):3398795 [wandb_run.py:_redirect():2315] Redirects installed.
2025-03-09 14:59:39,924 INFO    Thread-40 (_run_job):3398795 [wandb_init.py:init():1032] run started, returning control to user process
2025-03-09 14:59:42,873 INFO    Thread-40 (_run_job):3398795 [wandb_run.py:_finish():2112] finishing run da24s008-indian-institute-of-technology-madras/fashion-mnist-optim/5usnma5h
2025-03-09 14:59:42,873 ERROR   Thread-40 (_run_job):3398795 [jupyter.py:save_history():450] Run pip install nbformat to save notebook history
2025-03-09 14:59:42,874 INFO    Thread-40 (_run_job):3398795 [jupyter.py:save_ipynb():386] not saving jupyter notebook
2025-03-09 14:59:42,874 INFO    Thread-40 (_run_job):3398795 [wandb_init.py:_jupyter_teardown():581] cleaning up jupyter logic
2025-03-09 14:59:42,874 INFO    Thread-40 (_run_job):3398795 [wandb_run.py:_atexit_cleanup():2340] got exitcode: 0
2025-03-09 14:59:42,874 INFO    Thread-40 (_run_job):3398795 [wandb_run.py:_restore():2322] restore
2025-03-09 14:59:42,874 INFO    Thread-40 (_run_job):3398795 [wandb_run.py:_restore():2328] restore done
2025-03-09 14:59:44,155 INFO    Thread-40 (_run_job):3398795 [wandb_run.py:_footer_history_summary_info():3956] rendering history
2025-03-09 14:59:44,156 INFO    Thread-40 (_run_job):3398795 [wandb_run.py:_footer_history_summary_info():3988] rendering summary
2025-03-09 14:59:44,157 INFO    Thread-40 (_run_job):3398795 [wandb_run.py:_footer_sync_info():3917] logging synced files
